androidApp/build/intermediates/manifest_merge_blame_file/debug/manifest-merger-blame-debug-report.txt
1<?xml version="1.0" encoding="utf-8"?>
2<manifest xmlns:android="http://schemas.android.com/apk/res/android"
3    package="com.brian.translator_kmm.android"
4    android:versionCode="1"
5    android:versionName="1.0" >
6
7    <uses-sdk
8        android:minSdkVersion="24"
8-->src\main\AndroidManifest.xml
9        android:targetSdkVersion="33" />
9-->src\main\AndroidManifest.xml
10
11    <application
11-->src\main\AndroidManifest.xml:4:5-16:19
12        android:allowBackup="false"
12-->src\main\AndroidManifest.xml:5:9-36
13        android:appComponentFactory="androidx.core.app.CoreComponentFactory"
13-->[androidx.core:core:1.8.0] AndroidManifest.xml:24:18-86
14        android:debuggable="true"
15        android:extractNativeLibs="false"
16        android:supportsRtl="true"
16-->src\main\AndroidManifest.xml:6:9-35
17        android:theme="@style/AppTheme" >
17-->src\main\AndroidManifest.xml:7:9-40
18        <activity
18-->src\main\AndroidManifest.xml:8:9-15:20
19            android:name="com.brian.translator_kmm.android.MainActivity"
19-->src\main\AndroidManifest.xml:9:13-41
20            android:exported="true" >
20-->src\main\AndroidManifest.xml:10:13-36
21            <intent-filter>
21-->src\main\AndroidManifest.xml:11:13-14:29
22                <action android:name="android.intent.action.MAIN" />
22-->src\main\AndroidManifest.xml:12:17-69
22-->src\main\AndroidManifest.xml:12:25-66
23
24                <category android:name="android.intent.category.LAUNCHER" />
24-->src\main\AndroidManifest.xml:13:17-77
24-->src\main\AndroidManifest.xml:13:27-74
25            </intent-filter>
26        </activity>
27        <activity
27-->[androidx.compose.ui:ui-tooling:1.4.0-alpha02] AndroidManifest.xml:23:9-25:39
28            android:name="androidx.compose.ui.tooling.PreviewActivity"
28-->[androidx.compose.ui:ui-tooling:1.4.0-alpha02] AndroidManifest.xml:24:13-71
29            android:exported="true" />
29-->[androidx.compose.ui:ui-tooling:1.4.0-alpha02] AndroidManifest.xml:25:13-36
30        <activity
30-->[androidx.compose.ui:ui-test-manifest:1.4.0-alpha02] AndroidManifest.xml:23:9-25:39
31            android:name="androidx.activity.ComponentActivity"
31-->[androidx.compose.ui:ui-test-manifest:1.4.0-alpha02] AndroidManifest.xml:24:13-63
32            android:exported="true" />
32-->[androidx.compose.ui:ui-test-manifest:1.4.0-alpha02] AndroidManifest.xml:25:13-36
33
34        <provider
34-->[androidx.profileinstaller:profileinstaller:1.2.0] AndroidManifest.xml:25:9-33:20
35            android:name="androidx.startup.InitializationProvider"
35-->[androidx.profileinstaller:profileinstaller:1.2.0] AndroidManifest.xml:26:13-67
36            android:authorities="com.brian.translator_kmm.android.androidx-startup"
36-->[androidx.profileinstaller:profileinstaller:1.2.0] AndroidManifest.xml:27:13-68
37            android:exported="false" >
37-->[androidx.profileinstaller:profileinstaller:1.2.0] AndroidManifest.xml:28:13-37
38            <meta-data
38-->[androidx.profileinstaller:profileinstaller:1.2.0] AndroidManifest.xml:30:13-32:52
39                android:name="androidx.profileinstaller.ProfileInstallerInitializer"
39-->[androidx.profileinstaller:profileinstaller:1.2.0] AndroidManifest.xml:31:17-85
40                android:value="androidx.startup" />
40-->[androidx.profileinstaller:profileinstaller:1.2.0] AndroidManifest.xml:32:17-49
41        </provider>
42
43        <receiver
43-->[androidx.profileinstaller:profileinstaller:1.2.0] AndroidManifest.xml:35:9-47:20
44            android:name="androidx.profileinstaller.ProfileInstallReceiver"
44-->[androidx.profileinstaller:profileinstaller:1.2.0] AndroidManifest.xml:36:13-76
45            android:directBootAware="false"
45-->[androidx.profileinstaller:profileinstaller:1.2.0] AndroidManifest.xml:37:13-44
46            android:enabled="true"
46-->[androidx.profileinstaller:profileinstaller:1.2.0] AndroidManifest.xml:38:13-35
47            android:exported="true"
47-->[androidx.profileinstaller:profileinstaller:1.2.0] AndroidManifest.xml:39:13-36
48            android:permission="android.permission.DUMP" >
48-->[androidx.profileinstaller:profileinstaller:1.2.0] AndroidManifest.xml:40:13-57
49            <intent-filter>
49-->[androidx.profileinstaller:profileinstaller:1.2.0] AndroidManifest.xml:41:13-43:29
50                <action android:name="androidx.profileinstaller.action.INSTALL_PROFILE" />
50-->[androidx.profileinstaller:profileinstaller:1.2.0] AndroidManifest.xml:42:17-91
50-->[androidx.profileinstaller:profileinstaller:1.2.0] AndroidManifest.xml:42:25-88
51            </intent-filter>
52            <intent-filter>
52-->[androidx.profileinstaller:profileinstaller:1.2.0] AndroidManifest.xml:44:13-46:29
53                <action android:name="androidx.profileinstaller.action.SKIP_FILE" />
53-->[androidx.profileinstaller:profileinstaller:1.2.0] AndroidManifest.xml:45:17-85
53-->[androidx.profileinstaller:profileinstaller:1.2.0] AndroidManifest.xml:45:25-82
54            </intent-filter>
55        </receiver>
56    </application>
57
58</manifest>